<?xml version="1.0" encoding="utf-8"?><testsuites name="pytest tests"><testsuite name="pytest" errors="0" failures="0" skipped="0" tests="9" time="6.822" timestamp="2026-03-07T08:32:03.915682+00:00" hostname="agent-env-1be0f8ba-7cad-4ddc-9142-fa24db7698bb"><testcase classname="backend.tests.test_email_pdf_match.TestEmailPdfMatch" name="test_health_check" time="0.146" /><testcase classname="backend.tests.test_email_pdf_match.TestEmailPdfMatch" name="test_admin_login" time="0.373" /><testcase classname="backend.tests.test_email_pdf_match.TestEmailPdfMatch" name="test_get_quotes_returns_customer_fields" time="0.584" /><testcase classname="backend.tests.test_email_pdf_match.TestEmailPdfMatch" name="test_get_single_quote_has_customer_fields" time="0.712" /><testcase classname="backend.tests.test_email_pdf_match.TestEmailPdfMatch" name="test_pending_rfq_has_customer_fields" time="0.618" /><testcase classname="backend.tests.test_email_pdf_match.TestGenerateQuoteHtml" name="test_generate_quote_html_contains_customer_code" time="0.594" /><testcase classname="backend.tests.test_email_pdf_match.TestGenerateQuoteHtml" name="test_generate_quote_html_without_customer_details" time="0.000" /><testcase classname="backend.tests.test_email_pdf_match.TestQuoteApprovalWorkflow" name="test_find_pending_rfq_for_approval" time="0.665" /><testcase classname="backend.tests.test_email_pdf_match.TestQuoteApprovalWorkflow" name="test_approve_rfq_workflow" time="3.066" /></testsuite></testsuites>