<?xml version="1.0" encoding="utf-8"?><testsuites name="pytest tests"><testsuite name="pytest" errors="0" failures="0" skipped="0" tests="12" time="14.514" timestamp="2026-03-08T07:18:34.530525+00:00" hostname="agent-env-48809bd0-ca62-440f-b3c4-fec195aa3d2c"><testcase classname="backend.tests.test_shared_cart_and_rfq.TestSharedCartBackend" name="test_api_health" time="0.252" /><testcase classname="backend.tests.test_shared_cart_and_rfq.TestSharedCartBackend" name="test_admin_login" time="0.345" /><testcase classname="backend.tests.test_shared_cart_and_rfq.TestSharedCartBackend" name="test_customer_login" time="0.357" /><testcase classname="backend.tests.test_shared_cart_and_rfq.TestSharedCartBackend" name="test_admin_create_quote_with_cart_items" time="0.434" /><testcase classname="backend.tests.test_shared_cart_and_rfq.TestSharedCartBackend" name="test_customer_create_rfq_with_cart_items" time="4.351" /><testcase classname="backend.tests.test_shared_cart_and_rfq.TestSharedCartBackend" name="test_quote_with_full_specifications" time="0.117" /><testcase classname="backend.tests.test_shared_cart_and_rfq.TestSharedCartBackend" name="test_quote_with_packing_type_in_notes" time="0.104" /><testcase classname="backend.tests.test_shared_cart_and_rfq.TestSharedCartBackend" name="test_quote_with_freight_pincode" time="3.827" /><testcase classname="backend.tests.test_shared_cart_and_rfq.TestSharedCartBackend" name="test_quote_with_customer_rfq_number" time="4.164" /><testcase classname="backend.tests.test_shared_cart_and_rfq.TestSharedCartBackend" name="test_quote_with_mixed_source_items" time="0.122" /><testcase classname="backend.tests.test_shared_cart_and_rfq.TestSharedCartBackend" name="test_quote_with_empty_cart_fails" time="0.098" /><testcase classname="backend.tests.test_shared_cart_and_rfq.TestSharedCartBackend" name="test_get_quotes_list" time="0.275" /></testsuite></testsuites>