<?xml version="1.0" encoding="utf-8"?><testsuites name="pytest tests"><testsuite name="pytest" errors="0" failures="0" skipped="0" tests="16" time="2.802" timestamp="2026-02-22T19:26:47.671384+00:00" hostname="agent-env-a29a1c76-a753-424d-8e4d-8e2db42a4487"><testcase classname="backend.tests.test_customer_and_quotes.TestAuth" name="test_login_success" time="0.371" /><testcase classname="backend.tests.test_customer_and_quotes.TestAuth" name="test_login_invalid_credentials" time="0.130" /><testcase classname="backend.tests.test_customer_and_quotes.TestCustomerCRUD" name="test_create_customer_basic" time="0.663" /><testcase classname="backend.tests.test_customer_and_quotes.TestCustomerCRUD" name="test_create_customer_with_all_fields" time="0.053" /><testcase classname="backend.tests.test_customer_and_quotes.TestCustomerCRUD" name="test_get_all_customers" time="0.059" /><testcase classname="backend.tests.test_customer_and_quotes.TestCustomerCRUD" name="test_get_customer_by_id" time="0.069" /><testcase classname="backend.tests.test_customer_and_quotes.TestCustomerCRUD" name="test_update_customer" time="0.118" /><testcase classname="backend.tests.test_customer_and_quotes.TestCustomerCRUD" name="test_get_customer_not_found" time="0.062" /><testcase classname="backend.tests.test_customer_and_quotes.TestCustomerCRUD" name="test_delete_customer" time="0.201" /><testcase classname="backend.tests.test_customer_and_quotes.TestRollerQuoteWithCustomer" name="test_create_roller_quote_with_customer_details" time="0.132" /><testcase classname="backend.tests.test_customer_and_quotes.TestRollerQuoteWithCustomer" name="test_verify_customer_details_in_quote" time="0.058" /><testcase classname="backend.tests.test_customer_and_quotes.TestRollerQuoteWithCustomer" name="test_create_roller_quote_without_customer_details" time="0.125" /><testcase classname="backend.tests.test_customer_and_quotes.TestRollerQuoteWithCustomer" name="test_create_roller_quote_with_partial_customer_details" time="0.131" /><testcase classname="backend.tests.test_customer_and_quotes.TestQuotesList" name="test_get_all_quotes" time="0.105" /><testcase classname="backend.tests.test_customer_and_quotes.TestQuotesList" name="test_quotes_contain_customer_details" time="0.060" /><testcase classname="backend.tests.test_customer_and_quotes.TestCleanup" name="test_cleanup_test_customers" time="0.408" /></testsuite></testsuites>