<?xml version="1.0" encoding="utf-8"?><testsuites name="pytest tests"><testsuite name="pytest" errors="0" failures="0" skipped="0" tests="10" time="4.299" timestamp="2026-03-01T10:54:17.174124+00:00" hostname="agent-env-1195ada5-1be0-4f15-b1fa-3526e5397b2b"><testcase classname="backend.tests.test_rfq_vs_quote.TestAuthRoles" name="test_admin_login_returns_admin_role" time="0.525" /><testcase classname="backend.tests.test_rfq_vs_quote.TestAuthRoles" name="test_customer_login_returns_customer_role" time="0.325" /><testcase classname="backend.tests.test_rfq_vs_quote.TestRfqVsQuoteNumberGeneration" name="test_customer_creates_rfq_number" time="2.520" /><testcase classname="backend.tests.test_rfq_vs_quote.TestRfqVsQuoteNumberGeneration" name="test_admin_creates_quote_number" time="0.451" /><testcase classname="backend.tests.test_rfq_vs_quote.TestRfqVsQuoteNumberGeneration" name="test_verify_rfq_stored_in_database" time="0.102" /><testcase classname="backend.tests.test_rfq_vs_quote.TestRfqVsQuoteNumberGeneration" name="test_verify_quote_stored_in_database" time="0.108" /><testcase classname="backend.tests.test_rfq_vs_quote.TestQuotesList" name="test_customer_sees_own_quotes" time="0.094" /><testcase classname="backend.tests.test_rfq_vs_quote.TestQuotesList" name="test_admin_sees_all_quotes" time="0.111" /><testcase classname="backend.tests.test_rfq_vs_quote.TestEnvironmentVariables" name="test_admin_registration_emails_configured" time="0.000" /><testcase classname="backend.tests.test_rfq_vs_quote.TestEnvironmentVariables" name="test_admin_rfq_emails_configured" time="0.000" /></testsuite></testsuites>