<?xml version="1.0" encoding="utf-8"?><testsuites name="pytest tests"><testsuite name="pytest" errors="0" failures="2" skipped="0" tests="11" time="1.661" timestamp="2026-02-23T10:43:42.975017+00:00" hostname="agent-env-96237298-f0f3-417d-83ca-c6eca9e08dc0"><testcase classname="tests.test_drawing_pdf.TestSampleDrawingDownload" name="test_sample_drawing_returns_pdf" time="0.282" /><testcase classname="tests.test_drawing_pdf.TestSampleDrawingDownload" name="test_sample_drawing_has_content_disposition" time="0.147" /><testcase classname="tests.test_drawing_pdf.TestSampleDrawingDownload" name="test_sample_drawing_pdf_readable" time="0.107" /><testcase classname="tests.test_drawing_pdf.TestGenerateDrawingEndpoint" name="test_generate_drawing_requires_auth" time="0.115" /><testcase classname="tests.test_drawing_pdf.TestGenerateDrawingEndpoint" name="test_generate_drawing_returns_pdf" time="0.563" /><testcase classname="tests.test_drawing_pdf.TestGenerateDrawingEndpoint" name="test_generated_pdf_no_bom_table" time="0.055" /><testcase classname="tests.test_drawing_pdf.TestGenerateDrawingEndpoint" name="test_generated_pdf_contains_required_sections" time="0.058"><failure message="AssertionError: PDF should contain DIMENSIONS section&#10;assert 'DIMENSIONS' in '%PDF-1.4\n%\x93\x8c\x8b\x9e ReportLab Generated PDF document (opensource)\n1 0 obj\n&lt;&lt;\n/F1 2 0 R /F2 3 0 R /F3 4 0 R\n&gt;&gt;\nendobj\n2 0 obj\n&lt;&lt;\n/BaseFont /Helvetica /Encoding /WinAnsiEncoding /Name /F1 /Subtype /Type1 /Type /Font\n&gt;&gt;\nendobj\n3 0 obj\n&lt;&lt;\n/BaseFont /Helvetica-Bold /Encoding /WinAnsiEncoding /Name /F2 /Subtype /Type1 /Type /Font\n&gt;&gt;\nendobj\n4 0 obj\n&lt;&lt;\n/BaseFont /Helvetica-Oblique /Encoding /WinAnsiEncoding /Name /F3 /Subtype /Type1 /Type /Font\n&gt;&gt;\nendobj\n5 0 obj\n&lt;&lt;\n/Contents 9 0 R /MediaBox [ 0 0 595.2756 841.8898 ] /Parent 8 0 R /Resources &lt;&lt;\n/Font 1 0 R /ProcSet [ /PDF /Text /ImageB /ImageC /ImageI ]\n&gt;&gt; /Rotate 0 /Trans &lt;&lt;\n\n&gt;&gt; \n  /Type /Page\n&gt;&gt;\nendobj\n6 0 obj\n&lt;&lt;\n/PageMode /UseNone /Pages 8 0 R /Type /Catalog\n&gt;&gt;\nendobj\n7 0 obj\n&lt;&lt;\n/Author (anonymous) /CreationDate (D:20260223104344+00\'00\') /Creator (anonymous) /Keywords () /ModDate (D:20260223104344+00\'00\') /Producer (ReportLab PDF Library - \\(opensource\\)) \n  /Subject (unspecified) /Title (untitled) /Trapped /False\n&gt;&gt;\nendobj\n8 0 obj\n&lt;&lt;\n/Count 1 /Kids [ 5 0 R ] /Type /Pages\n&gt;&gt;\nendobj\n9 0 obj\n&lt;&lt;\n/Filter [ /ASCII85Decode /FlateDecode ] /Length 2427\n&gt;&gt;\nstream\nGatm=gN)%,&amp;:N/3...'OP)1&quot;)t&amp;(0\\9bJ#K^nVBZO_A/tdQT&gt;m1@8u[hcY]d\\q#gZsh6ST[TCT6s&lt;fP&amp;Z%Vm`(daB=d2l^KL3I3:u5dm-OD[GkJX57=B/Q08Nb$2Gt8!c07@QXut&quot;s/&gt;1s/p^M?F(d-g[:dM7700_BM9b9&lt;p0:42^nB=/SK=b&gt;nm%jVOrWEW&lt;-jR*K&quot;ToqRSm59um3*R(X@Ha&quot;PKNIf1/a4_eic&quot;8-DQ]+Vfeha;U?&quot;gJA6\'k]Wj_fAnsB_haAq^&gt;Xcr9eW*#&lt;mtdpE/Oqlc\'#5&lt;e*XQrHpFV)7eY_@_90DQLJp[XEIql7T4X]Q9hm^01?pSe;&quot;sV)Gg4NDm&gt;8jaA9alaG!q9^&quot;V9/*^S),)D62[(iM&gt;&gt;0$S&lt;r&gt;^^0IQ(ADt&amp;4_ZOm\\/]hTZLr`?*,?=hL5ACD3&lt;df0WbmK3&amp;eJ,?599HQg^99Mp^Uu8Qo=4\';unj4.4Q&gt;D0B=2*UVZE+_S-^M*J6c\'920rBsQ`q4NXbc.+t^V-L4YEm&lt;lV\'Y?a?_o%A]V6qNRUD*DiNAOO0r]NQnR;$&amp;](@Xkkh13-/^4t9t6;^]D?DNJhG,:&amp;ZHk&gt;@IO)4?N,iO&lt;o\\&quot;d0d8E;]+3+L/@D1j`fGF8K`U&quot;Opo9p8EP)p:%Bt+*&gt;2&amp;D(bqn-69M+:l]c4-.-n@O-]ba:/\'L\\K%H3KgVVnRFP@I)`iqLiPc&amp;56O(@Q6/;lXE_((!q%cD`Hpl5^e,b$s`2mBo#XJ&lt;Ss#($:O3D-.&quot;~&gt;endstream\nendobj\nxref\n0 10\n0000000000 65535 f \n0000000061 00000 n \n0000000112 00000 n \n0000000219 00000 n \n0000000331 00000 n \n0000000446 00000 n \n0000000649 00000 n \n0000000717 00000 n \n0000000978 00000 n \n0000001037 00000 n \ntrailer\n&lt;&lt;\n/ID \n[&lt;22b766002581f8ef341978083a53402b&gt;&lt;22b766002581f8ef341978083a53402b&gt;]\n% ReportLab generated PDF document -- digest (opensource)\n\n/Info 7 0 R\n/Root 6 0 R\n/Size 10\n&gt;&gt;\nstartxref\n3555\n%%EOF\n'">tests/test_drawing_pdf.py:217: in test_generated_pdf_contains_required_sections
    assert "DIMENSIONS" in content, "PDF should contain DIMENSIONS section"
E   AssertionError: PDF should contain DIMENSIONS section
E   assert 'DIMENSIONS' in '%PDF-1.4\n%\x93\x8c\x8b\x9e ReportLab Generated PDF document (opensource)\n1 0 obj\n&lt;&lt;\n/F1 2 0 R /F2 3 0 R /F3 4 0 R\n&gt;&gt;\nendobj\n2 0 obj\n&lt;&lt;\n/BaseFont /Helvetica /Encoding /WinAnsiEncoding /Name /F1 /Subtype /Type1 /Type /Font\n&gt;&gt;\nendobj\n3 0 obj\n&lt;&lt;\n/BaseFont /Helvetica-Bold /Encoding /WinAnsiEncoding /Name /F2 /Subtype /Type1 /Type /Font\n&gt;&gt;\nendobj\n4 0 obj\n&lt;&lt;\n/BaseFont /Helvetica-Oblique /Encoding /WinAnsiEncoding /Name /F3 /Subtype /Type1 /Type /Font\n&gt;&gt;\nendobj\n5 0 obj\n&lt;&lt;\n/Contents 9 0 R /MediaBox [ 0 0 595.2756 841.8898 ] /Parent 8 0 R /Resources &lt;&lt;\n/Font 1 0 R /ProcSet [ /PDF /Text /ImageB /ImageC /ImageI ]\n&gt;&gt; /Rotate 0 /Trans &lt;&lt;\n\n&gt;&gt; \n  /Type /Page\n&gt;&gt;\nendobj\n6 0 obj\n&lt;&lt;\n/PageMode /UseNone /Pages 8 0 R /Type /Catalog\n&gt;&gt;\nendobj\n7 0 obj\n&lt;&lt;\n/Author (anonymous) /CreationDate (D:20260223104344+00\'00\') /Creator (anonymous) /Keywords () /ModDate (D:20260223104344+00\'00\') /Producer (ReportLab PDF Library - \\(opensource\\)) \n  /Subject (unspecified) /Title (untitled) /Trapped /False\n&gt;&gt;\nendobj\n8 0 obj\n&lt;&lt;\n/Count 1 /Kids [ 5 0 R ] /Type /Pages\n&gt;&gt;\nendobj\n9 0 obj\n&lt;&lt;\n/Filter [ /ASCII85Decode /FlateDecode ] /Length 2427\n&gt;&gt;\nstream\nGatm=gN)%,&amp;:N/3...'OP)1")t&amp;(0\\9bJ#K^nVBZO_A/tdQT&gt;m1@8u[hcY]d\\q#gZsh6ST[TCT6s&lt;fP&amp;Z%Vm`(daB=d2l^KL3I3:u5dm-OD[GkJX57=B/Q08Nb$2Gt8!c07@QXut"s/&gt;1s/p^M?F(d-g[:dM7700_BM9b9&lt;p0:42^nB=/SK=b&gt;nm%jVOrWEW&lt;-jR*K"ToqRSm59um3*R(X@Ha"PKNIf1/a4_eic"8-DQ]+Vfeha;U?"gJA6\'k]Wj_fAnsB_haAq^&gt;Xcr9eW*#&lt;mtdpE/Oqlc\'#5&lt;e*XQrHpFV)7eY_@_90DQLJp[XEIql7T4X]Q9hm^01?pSe;"sV)Gg4NDm&gt;8jaA9alaG!q9^"V9/*^S),)D62[(iM&gt;&gt;0$S&lt;r&gt;^^0IQ(ADt&amp;4_ZOm\\/]hTZLr`?*,?=hL5ACD3&lt;df0WbmK3&amp;eJ,?599HQg^99Mp^Uu8Qo=4\';unj4.4Q&gt;D0B=2*UVZE+_S-^M*J6c\'920rBsQ`q4NXbc.+t^V-L4YEm&lt;lV\'Y?a?_o%A]V6qNRUD*DiNAOO0r]NQnR;$&amp;](@Xkkh13-/^4t9t6;^]D?DNJhG,:&amp;ZHk&gt;@IO)4?N,iO&lt;o\\"d0d8E;]+3+L/@D1j`fGF8K`U"Opo9p8EP)p:%Bt+*&gt;2&amp;D(bqn-69M+:l]c4-.-n@O-]ba:/\'L\\K%H3KgVVnRFP@I)`iqLiPc&amp;56O(@Q6/;lXE_((!q%cD`Hpl5^e,b$s`2mBo#XJ&lt;Ss#($:O3D-."~&gt;endstream\nendobj\nxref\n0 10\n0000000000 65535 f \n0000000061 00000 n \n0000000112 00000 n \n0000000219 00000 n \n0000000331 00000 n \n0000000446 00000 n \n0000000649 00000 n \n0000000717 00000 n \n0000000978 00000 n \n0000001037 00000 n \ntrailer\n&lt;&lt;\n/ID \n[&lt;22b766002581f8ef341978083a53402b&gt;&lt;22b766002581f8ef341978083a53402b&gt;]\n% ReportLab generated PDF document -- digest (opensource)\n\n/Info 7 0 R\n/Root 6 0 R\n/Size 10\n&gt;&gt;\nstartxref\n3555\n%%EOF\n'</failure></testcase><testcase classname="tests.test_drawing_pdf.TestGenerateDrawingEndpoint" name="test_generate_impact_roller_drawing" time="0.062" /><testcase classname="tests.test_drawing_pdf.TestGenerateDrawingEndpoint" name="test_generate_drawing_with_custom_shaft" time="0.056" /><testcase classname="tests.test_drawing_pdf.TestDrawingContent" name="test_pdf_does_not_contain_bom_keywords" time="0.054" /><testcase classname="tests.test_drawing_pdf.TestDrawingContent" name="test_pdf_contains_roller_schematic_elements" time="0.062"><failure message="AssertionError: PDF should contain 'CONVERO SOLUTIONS'&#10;assert 'CONVERO SOLUTIONS' in '%PDF-1.4\n%\x93\x8c\x8b\x9e ReportLab Generated PDF document (opensource)\n1 0 obj\n&lt;&lt;\n/F1 2 0 R /F2 3 0 R /F3 4 0 R\n&gt;&gt;\nendobj\n2 0 obj\n&lt;&lt;\n/BaseFont /Helvetica /Encoding /WinAnsiEncoding /Name /F1 /Subtype /Type1 /Type /Font\n&gt;&gt;\nendobj\n3 0 obj\n&lt;&lt;\n/BaseFont /Helvetica-Bold /Encoding /WinAnsiEncoding /Name /F2 /Subtype /Type1 /Type /Font\n&gt;&gt;\nendobj\n4 0 obj\n&lt;&lt;\n/BaseFont /Helvetica-Oblique /Encoding /WinAnsiEncoding /Name /F3 /Subtype /Type1 /Type /Font\n&gt;&gt;\nendobj\n5 0 obj\n&lt;&lt;\n/Contents 9 0 R /MediaBox [ 0 0 595.2756 841.8898 ] /Parent 8 0 R /Resources &lt;&lt;\n/Font 1 0 R /ProcSet [ /PDF /Text /ImageB /ImageC /ImageI ]\n&gt;&gt; /Rotate 0 /Trans &lt;&lt;\n\n&gt;&gt; \n  /Type /Page\n&gt;&gt;\nendobj\n6 0 obj\n&lt;&lt;\n/PageMode /UseNone /Pages 8 0 R /Type /Catalog\n&gt;&gt;\nendobj\n7 0 obj\n&lt;&lt;\n/Author (anonymous) /CreationDate (D:20260223104344+00\'00\') /Creator (anonymous) /Keywords () /ModDate (D:20260223104344+00\'00\') /Producer (ReportLab PDF Library - \\(opensource\\)) \n  /Subject (unspecified) /Title (untitled) /Trapped /False\n&gt;&gt;\nendobj\n8 0 obj\n&lt;&lt;\n/Count 1 /Kids [ 5 0 R ] /Type /Pages\n&gt;&gt;\nendobj\n9 0 obj\n&lt;&lt;\n/Filter [ /ASCII85Decode /FlateDecode ] /Length 2445\n&gt;&gt;\nstream\nGatm=gN)%,&amp;:N/3...j;d?EkG%H\\&quot;EA&quot;@p!/ABH0u[f&amp;[pi8f1Rerjck[._in$^O+PTihq5.=]QbM]u/RIZF%!__2[)@!al#m+L9NkGY81K=F?#1[n(n)e@0OA8(T\\/B*&amp;CEJj;TV^[GLW.S9?B^Sm]tM1u\'B&quot;qrGcoBIM*$A$D-&gt;2Juimf&quot;&lt;IkHS$e&amp;2&lt;8\\&amp;JqFMqX`*VgqQ7`f;%=&quot;`H^$R54&lt;tdXmLJ.61&amp;PkU?&lt;&amp;6!,nMQ2Mm&lt;:`j7HLQR*PEhkA^e:&quot;O\'-pG$LtT;7O\'&amp;,(p(j,jBfU&lt;uC/3guF6gb7l#]=H+Okf##Ym63[.V@H?PK61O/O??QW82YcTT(G&gt;+@[Y*LT?,\'097g%5Ec\\^:K&quot;-nW\\Cg2rGe;(+BmpNNROe!/nmK#0;k,Jk]&gt;od:M\'f;%G-t)mo^:b[F:/F\'K4uV#khPNRPN&gt;4(@(]j,/k2&amp;r6daVn(p#3Ui+,T@[Fp`uJ$et=LV1m7-K2o:8p#Z]1hCZ*T4D#+RdX:=PP$D$GG2e-043T-qUpPR7*2,LHMG&quot;D&lt;=oNMnT)$BVE)4Z(]1g]XN3UPH*7dcT;Dm+oRR9d]12uT5f$8kF!r8kQlLTc-Q&amp;0!-j0&quot;KgOb+4(&gt;.u=mEY1(FV3!AESI5m7bZbLUAn\'AX4Htg5es%fFr..q0@Du=0)&quot;NbI+ns[pUT5,_8pKPE.`8eF&amp;0fK3gTJb&gt;&quot;RIUYL1dXUE*P&quot;.*F;*h_)X[_L_:&amp;*pkn&quot;GJ.+V39US&gt;rWf;5W3-~&gt;endstream\nendobj\nxref\n0 10\n0000000000 65535 f \n0000000061 00000 n \n0000000112 00000 n \n0000000219 00000 n \n0000000331 00000 n \n0000000446 00000 n \n0000000649 00000 n \n0000000717 00000 n \n0000000978 00000 n \n0000001037 00000 n \ntrailer\n&lt;&lt;\n/ID \n[&lt;b957113cda618331ebe54fedd50a8b61&gt;&lt;b957113cda618331ebe54fedd50a8b61&gt;]\n% ReportLab generated PDF document -- digest (opensource)\n\n/Info 7 0 R\n/Root 6 0 R\n/Size 10\n&gt;&gt;\nstartxref\n3573\n%%EOF\n'">tests/test_drawing_pdf.py:357: in test_pdf_contains_roller_schematic_elements
    assert element in content, f"PDF should contain '{element}'"
E   AssertionError: PDF should contain 'CONVERO SOLUTIONS'
E   assert 'CONVERO SOLUTIONS' in '%PDF-1.4\n%\x93\x8c\x8b\x9e ReportLab Generated PDF document (opensource)\n1 0 obj\n&lt;&lt;\n/F1 2 0 R /F2 3 0 R /F3 4 0 R\n&gt;&gt;\nendobj\n2 0 obj\n&lt;&lt;\n/BaseFont /Helvetica /Encoding /WinAnsiEncoding /Name /F1 /Subtype /Type1 /Type /Font\n&gt;&gt;\nendobj\n3 0 obj\n&lt;&lt;\n/BaseFont /Helvetica-Bold /Encoding /WinAnsiEncoding /Name /F2 /Subtype /Type1 /Type /Font\n&gt;&gt;\nendobj\n4 0 obj\n&lt;&lt;\n/BaseFont /Helvetica-Oblique /Encoding /WinAnsiEncoding /Name /F3 /Subtype /Type1 /Type /Font\n&gt;&gt;\nendobj\n5 0 obj\n&lt;&lt;\n/Contents 9 0 R /MediaBox [ 0 0 595.2756 841.8898 ] /Parent 8 0 R /Resources &lt;&lt;\n/Font 1 0 R /ProcSet [ /PDF /Text /ImageB /ImageC /ImageI ]\n&gt;&gt; /Rotate 0 /Trans &lt;&lt;\n\n&gt;&gt; \n  /Type /Page\n&gt;&gt;\nendobj\n6 0 obj\n&lt;&lt;\n/PageMode /UseNone /Pages 8 0 R /Type /Catalog\n&gt;&gt;\nendobj\n7 0 obj\n&lt;&lt;\n/Author (anonymous) /CreationDate (D:20260223104344+00\'00\') /Creator (anonymous) /Keywords () /ModDate (D:20260223104344+00\'00\') /Producer (ReportLab PDF Library - \\(opensource\\)) \n  /Subject (unspecified) /Title (untitled) /Trapped /False\n&gt;&gt;\nendobj\n8 0 obj\n&lt;&lt;\n/Count 1 /Kids [ 5 0 R ] /Type /Pages\n&gt;&gt;\nendobj\n9 0 obj\n&lt;&lt;\n/Filter [ /ASCII85Decode /FlateDecode ] /Length 2445\n&gt;&gt;\nstream\nGatm=gN)%,&amp;:N/3...j;d?EkG%H\\"EA"@p!/ABH0u[f&amp;[pi8f1Rerjck[._in$^O+PTihq5.=]QbM]u/RIZF%!__2[)@!al#m+L9NkGY81K=F?#1[n(n)e@0OA8(T\\/B*&amp;CEJj;TV^[GLW.S9?B^Sm]tM1u\'B"qrGcoBIM*$A$D-&gt;2Juimf"&lt;IkHS$e&amp;2&lt;8\\&amp;JqFMqX`*VgqQ7`f;%="`H^$R54&lt;tdXmLJ.61&amp;PkU?&lt;&amp;6!,nMQ2Mm&lt;:`j7HLQR*PEhkA^e:"O\'-pG$LtT;7O\'&amp;,(p(j,jBfU&lt;uC/3guF6gb7l#]=H+Okf##Ym63[.V@H?PK61O/O??QW82YcTT(G&gt;+@[Y*LT?,\'097g%5Ec\\^:K"-nW\\Cg2rGe;(+BmpNNROe!/nmK#0;k,Jk]&gt;od:M\'f;%G-t)mo^:b[F:/F\'K4uV#khPNRPN&gt;4(@(]j,/k2&amp;r6daVn(p#3Ui+,T@[Fp`uJ$et=LV1m7-K2o:8p#Z]1hCZ*T4D#+RdX:=PP$D$GG2e-043T-qUpPR7*2,LHMG"D&lt;=oNMnT)$BVE)4Z(]1g]XN3UPH*7dcT;Dm+oRR9d]12uT5f$8kF!r8kQlLTc-Q&amp;0!-j0"KgOb+4(&gt;.u=mEY1(FV3!AESI5m7bZbLUAn\'AX4Htg5es%fFr..q0@Du=0)"NbI+ns[pUT5,_8pKPE.`8eF&amp;0fK3gTJb&gt;"RIUYL1dXUE*P".*F;*h_)X[_L_:&amp;*pkn"GJ.+V39US&gt;rWf;5W3-~&gt;endstream\nendobj\nxref\n0 10\n0000000000 65535 f \n0000000061 00000 n \n0000000112 00000 n \n0000000219 00000 n \n0000000331 00000 n \n0000000446 00000 n \n0000000649 00000 n \n0000000717 00000 n \n0000000978 00000 n \n0000001037 00000 n \ntrailer\n&lt;&lt;\n/ID \n[&lt;b957113cda618331ebe54fedd50a8b61&gt;&lt;b957113cda618331ebe54fedd50a8b61&gt;]\n% ReportLab generated PDF document -- digest (opensource)\n\n/Info 7 0 R\n/Root 6 0 R\n/Size 10\n&gt;&gt;\nstartxref\n3573\n%%EOF\n'</failure></testcase></testsuite></testsuites>