<?xml version="1.0" encoding="utf-8"?><testsuites name="pytest tests"><testsuite name="pytest" errors="0" failures="0" skipped="0" tests="11" time="8.900" timestamp="2026-03-09T15:37:25.933877+00:00" hostname="agent-env-4ca89f62-cfe5-4252-a865-d04e6250c4da"><testcase classname="tests.test_revision_history.TestRevisionHistory" name="test_01_get_quote_for_testing" time="1.142" /><testcase classname="tests.test_revision_history.TestRevisionHistory" name="test_02_get_revision_history_endpoint" time="0.424" /><testcase classname="tests.test_revision_history.TestRevisionHistory" name="test_03_get_history_invalid_quote_id" time="0.404" /><testcase classname="tests.test_revision_history.TestRevisionHistory" name="test_04_get_history_nonexistent_quote_id" time="0.437" /><testcase classname="tests.test_revision_history.TestRevisionHistory" name="test_05_update_quote_packing_type_creates_revision" time="1.256" /><testcase classname="tests.test_revision_history.TestRevisionHistory" name="test_06_update_quote_freight_creates_revision" time="1.352" /><testcase classname="tests.test_revision_history.TestRevisionHistory" name="test_07_update_quote_discount_creates_revision" time="1.284" /><testcase classname="tests.test_revision_history.TestRevisionHistory" name="test_08_revision_history_has_before_after_values" time="0.467" /><testcase classname="tests.test_revision_history.TestRevisionHistory" name="test_09_revision_history_sorted_by_timestamp" time="0.387" /><testcase classname="tests.test_revision_history.TestRevisionHistory" name="test_10_multiple_field_update_single_revision_entry" time="1.354" /><testcase classname="tests.test_revision_history.TestRevisionHistoryUnauthenticated" name="test_history_requires_auth" time="0.169" /></testsuite></testsuites>