<?xml version="1.0" encoding="utf-8"?><testsuites name="pytest tests"><testsuite name="pytest" errors="0" failures="0" skipped="0" tests="9" time="7.490" timestamp="2026-03-13T09:16:25.238109+00:00" hostname="agent-env-e6096e7b-fbd9-4e60-a5f7-6f0ffc22d096"><testcase classname="backend.tests.test_designation_feature.TestDesignationField" name="test_send_otp_accepts_designation" time="1.580" /><testcase classname="backend.tests.test_designation_feature.TestDesignationField" name="test_send_otp_works_without_designation" time="1.490" /><testcase classname="backend.tests.test_designation_feature.TestDesignationField" name="test_send_otp_with_empty_designation" time="1.756" /><testcase classname="backend.tests.test_designation_feature.TestDesignationField" name="test_send_otp_with_null_designation" time="1.247" /><testcase classname="backend.tests.test_designation_feature.TestLoginDesignation" name="test_login_returns_designation_for_customer" time="0.353" /><testcase classname="backend.tests.test_designation_feature.TestLoginDesignation" name="test_login_returns_designation_for_admin" time="0.330" /><testcase classname="backend.tests.test_designation_feature.TestVerifyOTPWithDesignation" name="test_verify_otp_schema_includes_designation" time="0.104" /><testcase classname="backend.tests.test_designation_feature.TestHealthCheck" name="test_api_health" time="0.096" /><testcase classname="backend.tests.test_designation_feature.TestAuthMeDesignation" name="test_auth_me_returns_designation" time="0.471" /></testsuite></testsuites>