<?xml version="1.0" encoding="utf-8"?><testsuites name="pytest tests"><testsuite name="pytest" errors="0" failures="0" skipped="0" tests="12" time="3.755" timestamp="2026-04-22T06:42:04.077203+00:00" hostname="agent-env-e4b4ed0e-aea1-4e03-abb5-3eff95a3072c"><testcase classname="tests.test_hsn_feature.TestHSNAdminList" name="test_admin_can_list" time="0.606" /><testcase classname="tests.test_hsn_feature.TestHSNAdminList" name="test_admin_list_bearing_has_hsn" time="0.122" /><testcase classname="tests.test_hsn_feature.TestHSNAdminList" name="test_non_admin_forbidden" time="0.481" /><testcase classname="tests.test_hsn_feature.TestHSNAdminList" name="test_unauthenticated_rejected" time="0.127" /><testcase classname="tests.test_hsn_feature.TestHSNBulkUpdate" name="test_non_admin_forbidden" time="0.098" /><testcase classname="tests.test_hsn_feature.TestHSNBulkUpdate" name="test_bulk_update_changes_value" time="0.492" /><testcase classname="tests.test_hsn_feature.TestHSNBulkUpdate" name="test_bulk_update_unknown_id_skipped" time="0.141" /><testcase classname="tests.test_hsn_feature.TestHSNBulkUpdate" name="test_bulk_update_multiple_items" time="0.369" /><testcase classname="tests.test_hsn_feature.TestStoreItemsEnrichment" name="test_items_include_hsn_and_gst_rate" time="0.157" /><testcase classname="tests.test_hsn_feature.TestStoreItemsEnrichment" name="test_bearing_item_mapped_18" time="0.110" /><testcase classname="tests.test_hsn_feature.TestPurchaseOrderHSNOverride" name="test_po_gst_overridden_by_hsn" time="0.445" /><testcase classname="tests.test_hsn_feature.TestPurchaseOrderHSNOverride" name="test_po_falls_back_when_hsn_missing" time="0.479" /></testsuite></testsuites>