<?xml version="1.0" encoding="utf-8"?><testsuites name="pytest tests"><testsuite name="pytest" errors="0" failures="0" skipped="0" tests="10" time="3.350" timestamp="2026-03-09T10:19:01.388814+00:00" hostname="agent-env-6ce6597d-cf88-4655-af37-e4350de8e70e"><testcase classname="backend.tests.test_freight_calculation.TestFreightCalculation" name="test_freight_calculation_gujarat_local" time="0.591" /><testcase classname="backend.tests.test_freight_calculation.TestFreightCalculation" name="test_freight_calculation_maharashtra" time="0.107" /><testcase classname="backend.tests.test_freight_calculation.TestFreightCalculation" name="test_freight_calculation_delhi" time="0.138" /><testcase classname="backend.tests.test_freight_calculation.TestFreightCalculation" name="test_freight_calculation_tamil_nadu" time="0.102" /><testcase classname="backend.tests.test_freight_calculation.TestFreightCalculation" name="test_freight_calculation_invalid_pincode_format" time="0.124" /><testcase classname="backend.tests.test_freight_calculation.TestFreightCalculation" name="test_freight_calculation_invalid_weight" time="0.239" /><testcase classname="backend.tests.test_freight_calculation.TestFreightCalculation" name="test_freight_calculation_requires_auth" time="0.099" /><testcase classname="backend.tests.test_freight_calculation.TestFreightCalculation" name="test_freight_response_structure" time="0.144" /><testcase classname="backend.tests.test_freight_calculation.TestRFQWithFreight" name="test_get_pending_rfq_with_delivery_pincode" time="0.917" /><testcase classname="backend.tests.test_freight_calculation.TestRFQWithFreight" name="test_update_rfq_with_freight" time="0.705" /></testsuite></testsuites>