<?xml version="1.0" encoding="utf-8"?><testsuites name="pytest tests"><testsuite name="pytest" errors="0" failures="1" skipped="0" tests="31" time="13.870" timestamp="2026-04-09T10:44:41.599303+00:00" hostname="agent-env-16e8e272-ca14-4437-93ed-1634dadee1a6"><testcase classname="backend.tests.test_all_endpoints.TestAuth" name="test_admin_login" time="0.508" /><testcase classname="backend.tests.test_all_endpoints.TestAuth" name="test_customer_login" time="0.368" /><testcase classname="backend.tests.test_all_endpoints.TestAuth" name="test_invalid_login" time="0.155" /><testcase classname="backend.tests.test_all_endpoints.TestProducts" name="test_roller_standards" time="0.623" /><testcase classname="backend.tests.test_all_endpoints.TestProducts" name="test_pulley_standards" time="0.452" /><testcase classname="backend.tests.test_all_endpoints.TestProducts" name="test_roller_price_calculation" time="0.565" /><testcase classname="backend.tests.test_all_endpoints.TestProducts" name="test_pulley_price_calculation" time="0.430" /><testcase classname="backend.tests.test_all_endpoints.TestProducts" name="test_product_search" time="0.441" /><testcase classname="backend.tests.test_all_endpoints.TestQuotes" name="test_get_quotes" time="0.471" /><testcase classname="backend.tests.test_all_endpoints.TestQuotes" name="test_quotes_export_excel" time="0.538" /><testcase classname="backend.tests.test_all_endpoints.TestQuotes" name="test_quotes_export_pdf" time="1.290" /><testcase classname="backend.tests.test_all_endpoints.TestOrders" name="test_get_orders" time="0.446" /><testcase classname="backend.tests.test_all_endpoints.TestOrders" name="test_orders_export_excel" time="0.462" /><testcase classname="backend.tests.test_all_endpoints.TestOrders" name="test_orders_summary_stats" time="0.424" /><testcase classname="backend.tests.test_all_endpoints.TestCRM" name="test_crm_summary" time="0.435" /><testcase classname="backend.tests.test_all_endpoints.TestCRM" name="test_crm_leads" time="0.488" /><testcase classname="backend.tests.test_all_endpoints.TestCRM" name="test_crm_followups" time="0.436" /><testcase classname="backend.tests.test_all_endpoints.TestCRM" name="test_crm_activities" time="0.430" /><testcase classname="backend.tests.test_all_endpoints.TestCRM" name="test_crm_leads_export_excel" time="0.428" /><testcase classname="backend.tests.test_all_endpoints.TestCRM" name="test_crm_followups_export_excel" time="0.431" /><testcase classname="backend.tests.test_all_endpoints.TestCRM" name="test_create_lead" time="0.442"><failure message="AssertionError: Missing lead id&#10;assert 'id' in {'lead': {'assigned_to': None, 'company': 'Test Company', 'created_at': '2026-04-09T16:14:51.978941+05:30', 'created_by': 'test@test.com', ...}, 'message': 'Lead created'}">backend/tests/test_all_endpoints.py:283: in test_create_lead
    assert "id" in data, "Missing lead id"
E   AssertionError: Missing lead id
E   assert 'id' in {'lead': {'assigned_to': None, 'company': 'Test Company', 'created_at': '2026-04-09T16:14:51.978941+05:30', 'created_by': 'test@test.com', ...}, 'message': 'Lead created'}</failure></testcase><testcase classname="backend.tests.test_all_endpoints.TestCustomers" name="test_get_customers" time="0.512" /><testcase classname="backend.tests.test_all_endpoints.TestCustomers" name="test_customers_export_excel" time="0.461" /><testcase classname="backend.tests.test_all_endpoints.TestInvoices" name="test_get_invoices" time="0.433" /><testcase classname="backend.tests.test_all_endpoints.TestInvoices" name="test_invoices_export_excel" time="0.429" /><testcase classname="backend.tests.test_all_endpoints.TestCommercialTerms" name="test_commercial_terms_options" time="0.436" /><testcase classname="backend.tests.test_all_endpoints.TestCustomerFlow" name="test_customer_can_view_quotes" time="0.434" /><testcase classname="backend.tests.test_all_endpoints.TestCustomerFlow" name="test_customer_roller_calculation" time="0.432" /><testcase classname="backend.tests.test_all_endpoints.TestAuthRequired" name="test_quotes_require_auth" time="0.099" /><testcase classname="backend.tests.test_all_endpoints.TestAuthRequired" name="test_orders_require_auth" time="0.104" /><testcase classname="backend.tests.test_all_endpoints.TestAuthRequired" name="test_crm_requires_auth" time="0.097" /></testsuite></testsuites>