<?xml version="1.0" encoding="utf-8"?><testsuites name="pytest tests"><testsuite name="pytest" errors="0" failures="0" skipped="0" tests="15" time="8.816" timestamp="2026-02-23T13:04:00.977824+00:00" hostname="agent-env-033796db-b000-4ec5-8581-78a8513aa8eb"><testcase classname="tests.test_price_update_bug.TestPriceUpdateBugFix" name="test_01_auth_and_admin_api_accessible" time="0.594" /><testcase classname="tests.test_price_update_bug.TestPriceUpdateBugFix" name="test_02_calculate_detailed_cost_works_with_defaults" time="0.478" /><testcase classname="tests.test_price_update_bug.TestPriceUpdateBugFix" name="test_03_pipe_cost_update_reflects_in_calculation" time="0.560" /><testcase classname="tests.test_price_update_bug.TestPriceUpdateBugFix" name="test_04_bearing_cost_update_reflects_in_calculation" time="0.578" /><testcase classname="tests.test_price_update_bug.TestPriceUpdateBugFix" name="test_05_seal_cost_update_reflects_in_calculation" time="0.627" /><testcase classname="tests.test_price_update_bug.TestPriceUpdateBugFix" name="test_06_circlip_cost_update_reflects_in_calculation" time="0.651" /><testcase classname="tests.test_price_update_bug.TestPriceUpdateBugFix" name="test_07_price_reset_restores_defaults" time="0.750" /><testcase classname="tests.test_price_update_bug.TestPriceUpdateBugFix" name="test_08_final_price_reflects_raw_material_changes" time="0.610" /><testcase classname="tests.test_price_update_bug.TestPriceUpdateBugFix" name="test_09_different_bearing_makes_use_correct_prices" time="0.447" /><testcase classname="tests.test_price_update_bug.TestPriceUpdateBugFix" name="test_10_update_skf_bearing_price" time="0.563" /><testcase classname="tests.test_price_update_bug.TestPriceUpdateBugFix" name="test_11_cache_invalidation_immediate" time="0.650" /><testcase classname="tests.test_price_update_bug.TestPriceUpdateBugFix" name="test_12_admin_prices_endpoint_returns_all_categories" time="0.440" /><testcase classname="tests.test_price_update_bug.TestPriceUpdateBugFix" name="test_13_admin_prices_non_admin_rejected" time="0.628" /><testcase classname="tests.test_price_update_bug.TestPriceUpdateImpactRollers" name="test_14_impact_roller_rubber_ring_cost_update" time="0.573" /><testcase classname="tests.test_price_update_bug.TestPriceUpdateImpactRollers" name="test_15_locking_ring_cost_update" time="0.584" /></testsuite></testsuites>