<?xml version="1.0" encoding="utf-8"?><testsuites name="pytest tests"><testsuite name="pytest" errors="0" failures="0" skipped="0" tests="29" time="7.494" timestamp="2026-03-13T08:10:16.754456+00:00" hostname="agent-env-3d04b71a-cf91-4f3e-849e-edf71f9c0717"><testcase classname="backend.tests.test_comprehensive_features.TestAuthentication" name="test_admin_login_success" time="0.551" /><testcase classname="backend.tests.test_comprehensive_features.TestAuthentication" name="test_customer_login_success" time="0.334" /><testcase classname="backend.tests.test_comprehensive_features.TestAuthentication" name="test_login_invalid_credentials" time="0.135" /><testcase classname="backend.tests.test_comprehensive_features.TestCalculator" name="test_get_roller_standards" time="0.405" /><testcase classname="backend.tests.test_comprehensive_features.TestCalculator" name="test_calculate_carrying_roller_price" time="0.115" /><testcase classname="backend.tests.test_comprehensive_features.TestCalculator" name="test_calculate_impact_roller_price" time="0.049" /><testcase classname="backend.tests.test_comprehensive_features.TestCalculator" name="test_calculate_return_roller_price" time="0.069" /><testcase classname="backend.tests.test_comprehensive_features.TestCalculator" name="test_get_compatible_shafts" time="0.047" /><testcase classname="backend.tests.test_comprehensive_features.TestCalculator" name="test_get_compatible_bearings" time="0.051" /><testcase classname="backend.tests.test_comprehensive_features.TestProductSearch" name="test_search_products_by_code" time="0.063" /><testcase classname="backend.tests.test_comprehensive_features.TestProductSearch" name="test_search_products_by_diameter" time="0.064" /><testcase classname="backend.tests.test_comprehensive_features.TestProductSearch" name="test_search_products_by_bearing" time="0.062" /><testcase classname="backend.tests.test_comprehensive_features.TestProductSearch" name="test_search_empty_query_fails" time="0.051" /><testcase classname="backend.tests.test_comprehensive_features.TestCart" name="test_calculate_freight" time="0.931" /><testcase classname="backend.tests.test_comprehensive_features.TestQuotes" name="test_get_quotes_list" time="0.595" /><testcase classname="backend.tests.test_comprehensive_features.TestQuotes" name="test_quotes_have_required_fields" time="0.507" /><testcase classname="backend.tests.test_comprehensive_features.TestQuotes" name="test_create_quote_with_products" time="0.096" /><testcase classname="backend.tests.test_comprehensive_features.TestCustomers" name="test_get_customers_list" time="0.053" /><testcase classname="backend.tests.test_comprehensive_features.TestCustomers" name="test_search_customers" time="0.047" /><testcase classname="backend.tests.test_comprehensive_features.TestAdmin" name="test_get_prices_basic" time="0.052" /><testcase classname="backend.tests.test_comprehensive_features.TestAdmin" name="test_get_standards_summary" time="0.056" /><testcase classname="backend.tests.test_comprehensive_features.TestAdmin" name="test_update_price" time="0.145" /><testcase classname="backend.tests.test_comprehensive_features.TestProfile" name="test_get_current_user" time="0.474" /><testcase classname="backend.tests.test_comprehensive_features.TestProfile" name="test_logout_clears_session" time="0.109" /><testcase classname="backend.tests.test_comprehensive_features.TestQuoteWorkflow" name="test_get_pending_rfqs" time="0.510" /><testcase classname="backend.tests.test_comprehensive_features.TestQuoteWorkflow" name="test_quote_detail_view" time="0.570" /><testcase classname="backend.tests.test_comprehensive_features.TestQuoteWorkflow" name="test_get_approved_quotes" time="0.509" /><testcase classname="backend.tests.test_comprehensive_features.TestQuoteWorkflow" name="test_get_rejected_quotes" time="0.516" /><testcase classname="backend.tests.test_comprehensive_features.TestExportFeatures" name="test_quote_export_endpoint_exists" time="0.089" /></testsuite></testsuites>