<?xml version="1.0" encoding="utf-8"?><testsuites name="pytest tests"><testsuite name="pytest" errors="0" failures="0" skipped="2" tests="21" time="4.327" timestamp="2026-02-22T19:39:25.003153+00:00" hostname="agent-env-a29a1c76-a753-424d-8e4d-8e2db42a4487"><testcase classname="backend.tests.test_gst_verification.TestGSTCaptcha" name="test_get_captcha_success" time="1.680"><skipped type="pytest.skip" message="GST portal timeout - skipping captcha-dependent tests">/app/backend/tests/test_gst_verification.py:107: GST portal timeout - skipping captcha-dependent tests</skipped></testcase><testcase classname="backend.tests.test_gst_verification.TestGSTCaptcha" name="test_get_captcha_requires_auth" time="0.144" /><testcase classname="backend.tests.test_gst_verification.TestGSTINValidation" name="test_validate_gstin_valid_format" time="0.055" /><testcase classname="backend.tests.test_gst_verification.TestGSTINValidation" name="test_validate_gstin_various_states" time="0.348" /><testcase classname="backend.tests.test_gst_verification.TestGSTINValidation" name="test_validate_gstin_invalid_format_short" time="0.057" /><testcase classname="backend.tests.test_gst_verification.TestGSTINValidation" name="test_validate_gstin_invalid_format_pattern" time="0.344" /><testcase classname="backend.tests.test_gst_verification.TestGSTINValidation" name="test_validate_gstin_requires_auth" time="0.115" /><testcase classname="backend.tests.test_gst_verification.TestGSTVerification" name="test_verify_gst_invalid_gstin_format" time="0.057" /><testcase classname="backend.tests.test_gst_verification.TestGSTVerification" name="test_verify_gst_invalid_session" time="0.054" /><testcase classname="backend.tests.test_gst_verification.TestGSTVerification" name="test_verify_gst_with_captcha" time="0.063"><skipped type="pytest.skip" message="GST portal unreachable - skipping verification test">/app/backend/tests/test_gst_verification.py:233: GST portal unreachable - skipping verification test</skipped></testcase><testcase classname="backend.tests.test_gst_verification.TestGSTVerification" name="test_verify_gst_requires_auth" time="0.129" /><testcase classname="backend.tests.test_gst_verification.TestCustomerFromGST" name="test_create_customer_from_gst_data" time="0.075" /><testcase classname="backend.tests.test_gst_verification.TestCustomerFromGST" name="test_create_customer_from_gst_duplicate_gstin" time="0.054" /><testcase classname="backend.tests.test_gst_verification.TestCustomerFromGST" name="test_create_customer_from_gst_minimal_data" time="0.064" /><testcase classname="backend.tests.test_gst_verification.TestCustomerFromGST" name="test_create_customer_from_gst_requires_auth" time="0.126" /><testcase classname="backend.tests.test_gst_verification.TestCustomerCRUDRegression" name="test_create_customer_still_works" time="0.075" /><testcase classname="backend.tests.test_gst_verification.TestCustomerCRUDRegression" name="test_get_customers_still_works" time="0.066" /><testcase classname="backend.tests.test_gst_verification.TestCustomerCRUDRegression" name="test_get_customer_by_id_still_works" time="0.053" /><testcase classname="backend.tests.test_gst_verification.TestCustomerCRUDRegression" name="test_update_customer_still_works" time="0.082" /><testcase classname="backend.tests.test_gst_verification.TestCustomerCRUDRegression" name="test_delete_customer_still_works" time="0.256" /><testcase classname="backend.tests.test_gst_verification.TestCleanup" name="test_cleanup_gst_test_customers" time="0.343" /></testsuite></testsuites>