<?xml version="1.0" encoding="utf-8"?><testsuites name="pytest tests"><testsuite name="pytest" errors="0" failures="2" skipped="0" tests="16" time="3.583" timestamp="2026-02-22T19:26:07.447899+00:00" hostname="agent-env-a29a1c76-a753-424d-8e4d-8e2db42a4487"><testcase classname="backend.tests.test_customer_and_quotes.TestAuth" name="test_login_success" time="0.849" /><testcase classname="backend.tests.test_customer_and_quotes.TestAuth" name="test_login_invalid_credentials" time="0.212" /><testcase classname="backend.tests.test_customer_and_quotes.TestCustomerCRUD" name="test_create_customer_basic" time="0.626" /><testcase classname="backend.tests.test_customer_and_quotes.TestCustomerCRUD" name="test_create_customer_with_all_fields" time="0.073" /><testcase classname="backend.tests.test_customer_and_quotes.TestCustomerCRUD" name="test_get_all_customers" time="0.097" /><testcase classname="backend.tests.test_customer_and_quotes.TestCustomerCRUD" name="test_get_customer_by_id" time="0.064" /><testcase classname="backend.tests.test_customer_and_quotes.TestCustomerCRUD" name="test_update_customer" time="0.108" /><testcase classname="backend.tests.test_customer_and_quotes.TestCustomerCRUD" name="test_get_customer_not_found" time="0.050" /><testcase classname="backend.tests.test_customer_and_quotes.TestCustomerCRUD" name="test_delete_customer" time="0.188" /><testcase classname="backend.tests.test_customer_and_quotes.TestRollerQuoteWithCustomer" name="test_create_roller_quote_with_customer_details" time="0.115" /><testcase classname="backend.tests.test_customer_and_quotes.TestRollerQuoteWithCustomer" name="test_verify_customer_details_in_quote" time="0.071" /><testcase classname="backend.tests.test_customer_and_quotes.TestRollerQuoteWithCustomer" name="test_create_roller_quote_without_customer_details" time="0.152" /><testcase classname="backend.tests.test_customer_and_quotes.TestRollerQuoteWithCustomer" name="test_create_roller_quote_with_partial_customer_details" time="0.129" /><testcase classname="backend.tests.test_customer_and_quotes.TestQuotesList" name="test_get_all_quotes" time="0.075"><failure message="assert 520 == 200&#10; +  where 520 = &lt;Response [520]&gt;.status_code">backend/tests/test_customer_and_quotes.py:455: in test_get_all_quotes
    assert response.status_code == 200
E   assert 520 == 200
E    +  where 520 = &lt;Response [520]&gt;.status_code</failure></testcase><testcase classname="backend.tests.test_customer_and_quotes.TestQuotesList" name="test_quotes_contain_customer_details" time="0.055"><failure message="assert 520 == 200&#10; +  where 520 = &lt;Response [520]&gt;.status_code">backend/tests/test_customer_and_quotes.py:464: in test_quotes_contain_customer_details
    assert response.status_code == 200
E   assert 520 == 200
E    +  where 520 = &lt;Response [520]&gt;.status_code</failure></testcase><testcase classname="backend.tests.test_customer_and_quotes.TestCleanup" name="test_cleanup_test_customers" time="0.280" /></testsuite></testsuites>