<?xml version="1.0" encoding="utf-8"?><testsuites name="pytest tests"><testsuite name="pytest" errors="0" failures="2" skipped="0" tests="15" time="8.893" timestamp="2026-02-23T13:02:40.117380+00:00" hostname="agent-env-033796db-b000-4ec5-8581-78a8513aa8eb"><testcase classname="tests.test_price_update_bug.TestPriceUpdateBugFix" name="test_01_auth_and_admin_api_accessible" time="0.698" /><testcase classname="tests.test_price_update_bug.TestPriceUpdateBugFix" name="test_02_calculate_detailed_cost_works_with_defaults" time="0.532" /><testcase classname="tests.test_price_update_bug.TestPriceUpdateBugFix" name="test_03_pipe_cost_update_reflects_in_calculation" time="0.642" /><testcase classname="tests.test_price_update_bug.TestPriceUpdateBugFix" name="test_04_bearing_cost_update_reflects_in_calculation" time="0.588" /><testcase classname="tests.test_price_update_bug.TestPriceUpdateBugFix" name="test_05_seal_cost_update_reflects_in_calculation" time="0.570" /><testcase classname="tests.test_price_update_bug.TestPriceUpdateBugFix" name="test_06_circlip_cost_update_reflects_in_calculation" time="0.579" /><testcase classname="tests.test_price_update_bug.TestPriceUpdateBugFix" name="test_07_price_reset_restores_defaults" time="0.743" /><testcase classname="tests.test_price_update_bug.TestPriceUpdateBugFix" name="test_08_final_price_reflects_raw_material_changes" time="0.646"><failure message="AssertionError: Final price formula incorrect! Expected ratio ~2.112, got 2.006&#10;assert 0.10560688890338588 &lt; 0.01&#10; +  where 0.10560688890338588 = abs((2.0063931110966142 - 2.112))">tests/test_price_update_bug.py:346: in test_08_final_price_reflects_raw_material_changes
    assert abs(actual_ratio - expected_ratio) &lt; 0.01, \
E   AssertionError: Final price formula incorrect! Expected ratio ~2.112, got 2.006
E   assert 0.10560688890338588 &lt; 0.01
E    +  where 0.10560688890338588 = abs((2.0063931110966142 - 2.112))</failure></testcase><testcase classname="tests.test_price_update_bug.TestPriceUpdateBugFix" name="test_09_different_bearing_makes_use_correct_prices" time="0.456" /><testcase classname="tests.test_price_update_bug.TestPriceUpdateBugFix" name="test_10_update_skf_bearing_price" time="0.572" /><testcase classname="tests.test_price_update_bug.TestPriceUpdateBugFix" name="test_11_cache_invalidation_immediate" time="0.559" /><testcase classname="tests.test_price_update_bug.TestPriceUpdateBugFix" name="test_12_admin_prices_endpoint_returns_all_categories" time="0.443" /><testcase classname="tests.test_price_update_bug.TestPriceUpdateBugFix" name="test_13_admin_prices_non_admin_rejected" time="0.588" /><testcase classname="tests.test_price_update_bug.TestPriceUpdateImpactRollers" name="test_14_impact_roller_rubber_ring_cost_update" time="0.587" /><testcase classname="tests.test_price_update_bug.TestPriceUpdateImpactRollers" name="test_15_locking_ring_cost_update" time="0.522"><failure message="AssertionError: Locking ring update not reflected! Expected diff ~28, got 0.0&#10;assert 28.0 &lt; 1&#10; +  where 28.0 = abs((0.0 - 28))">tests/test_price_update_bug.py:602: in test_15_locking_ring_cost_update
    assert abs(actual_diff - expected_diff) &lt; 1, \
E   AssertionError: Locking ring update not reflected! Expected diff ~28, got 0.0
E   assert 28.0 &lt; 1
E    +  where 28.0 = abs((0.0 - 28))</failure></testcase></testsuite></testsuites>