<?xml version="1.0" encoding="utf-8"?><testsuites name="pytest tests"><testsuite name="pytest" errors="0" failures="0" skipped="0" tests="12" time="50.257" timestamp="2026-03-08T09:56:39.842667+00:00" hostname="agent-env-ec7564d8-a3d7-4734-a090-2a977fe9d6d2"><testcase classname="backend.tests.test_packing_delivery.TestPackingTypeAndDeliveryLocation" name="test_create_rfq_with_packing_and_delivery" time="4.523" /><testcase classname="backend.tests.test_packing_delivery.TestPackingTypeAndDeliveryLocation" name="test_create_rfq_with_standard_packing" time="3.680" /><testcase classname="backend.tests.test_packing_delivery.TestPackingTypeAndDeliveryLocation" name="test_create_rfq_with_wooden_box_packing" time="3.865" /><testcase classname="backend.tests.test_packing_delivery.TestPackingTypeAndDeliveryLocation" name="test_create_rfq_without_packing_and_delivery" time="3.802" /><testcase classname="backend.tests.test_packing_delivery.TestPackingTypeAndDeliveryLocation" name="test_get_quotes_returns_packing_and_delivery" time="4.221" /><testcase classname="backend.tests.test_packing_delivery.TestPackingTypeAndDeliveryLocation" name="test_admin_can_view_rfq_with_packing_and_delivery" time="5.109" /><testcase classname="backend.tests.test_packing_delivery.TestPackingTypeValues" name="test_packing_type_values[standard-standard]" time="3.774" /><testcase classname="backend.tests.test_packing_delivery.TestPackingTypeValues" name="test_packing_type_values[pallet-pallet]" time="4.505" /><testcase classname="backend.tests.test_packing_delivery.TestPackingTypeValues" name="test_packing_type_values[wooden_box-wooden_box]" time="4.347" /><testcase classname="backend.tests.test_packing_delivery.TestDeliveryLocationFormat" name="test_valid_6_digit_pincode" time="4.037" /><testcase classname="backend.tests.test_packing_delivery.TestDeliveryLocationFormat" name="test_pincode_stored_as_string" time="4.226" /><testcase classname="backend.tests.test_packing_delivery.TestQuoteDetailsWithPackingDelivery" name="test_single_quote_response_includes_fields" time="4.042" /></testsuite></testsuites>