<?xml version="1.0" encoding="utf-8"?><testsuites name="pytest tests"><testsuite name="pytest" errors="0" failures="0" skipped="0" tests="23" time="2.883" timestamp="2026-04-06T09:53:49.121495+00:00" hostname="agent-env-16e8e272-ca14-4437-93ed-1634dadee1a6"><testcase classname="backend.tests.test_pulley_calculator.TestPulleyStandards" name="test_get_pulley_standards_success" time="0.499" /><testcase classname="backend.tests.test_pulley_calculator.TestPulleyStandards" name="test_get_pulley_standards_unauthorized" time="0.098" /><testcase classname="backend.tests.test_pulley_calculator.TestCalculatePulleyCost" name="test_calculate_basic_pulley_cost" time="0.096" /><testcase classname="backend.tests.test_pulley_calculator.TestCalculatePulleyCost" name="test_calculate_pulley_with_hub" time="0.095" /><testcase classname="backend.tests.test_pulley_calculator.TestCalculatePulleyCost" name="test_calculate_pulley_with_hub_min_diameter_validation" time="0.102" /><testcase classname="backend.tests.test_pulley_calculator.TestCalculatePulleyCost" name="test_calculate_pulley_with_kla" time="0.092" /><testcase classname="backend.tests.test_pulley_calculator.TestCalculatePulleyCost" name="test_calculate_pulley_kla_requires_shaft_dia_hub" time="0.098" /><testcase classname="backend.tests.test_pulley_calculator.TestCalculatePulleyCost" name="test_calculate_pulley_with_rubber_plain" time="0.103" /><testcase classname="backend.tests.test_pulley_calculator.TestCalculatePulleyCost" name="test_calculate_pulley_with_rubber_ceramic" time="0.103" /><testcase classname="backend.tests.test_pulley_calculator.TestCalculatePulleyCost" name="test_calculate_pulley_ceramic_invalid_thickness" time="0.100" /><testcase classname="backend.tests.test_pulley_calculator.TestCalculatePulleyCost" name="test_calculate_pulley_invalid_pipe_diameter" time="0.140" /><testcase classname="backend.tests.test_pulley_calculator.TestCalculatePulleyCost" name="test_calculate_pulley_invalid_thickness_for_diameter" time="0.102" /><testcase classname="backend.tests.test_pulley_calculator.TestCalculatePulleyCost" name="test_calculate_pulley_with_quantity_and_packing" time="0.096" /><testcase classname="backend.tests.test_pulley_calculator.TestPulleyThicknesses" name="test_get_thicknesses_for_valid_diameter" time="0.096" /><testcase classname="backend.tests.test_pulley_calculator.TestPulleyThicknesses" name="test_get_thicknesses_for_small_diameter" time="0.103" /><testcase classname="backend.tests.test_pulley_calculator.TestPulleyThicknesses" name="test_get_thicknesses_for_large_diameter" time="0.107" /><testcase classname="backend.tests.test_pulley_calculator.TestPulleyThicknesses" name="test_get_thicknesses_for_invalid_diameter" time="0.093" /><testcase classname="backend.tests.test_pulley_calculator.TestPulleyKlaModel" name="test_get_kla_model_valid" time="0.096" /><testcase classname="backend.tests.test_pulley_calculator.TestPulleyKlaModel" name="test_get_kla_model_small_shaft" time="0.092" /><testcase classname="backend.tests.test_pulley_calculator.TestPulleyKlaModel" name="test_get_kla_model_large_shaft" time="0.091" /><testcase classname="backend.tests.test_pulley_calculator.TestPulleyKlaModel" name="test_get_kla_model_invalid_shaft" time="0.092" /><testcase classname="backend.tests.test_pulley_calculator.TestPulleyKlaModel" name="test_get_kla_model_boundary_values" time="0.191" /><testcase classname="backend.tests.test_pulley_calculator.TestPulleyGSTCalculation" name="test_gst_included_in_response" time="0.098" /></testsuite></testsuites>