<?xml version="1.0" encoding="utf-8"?><testsuites name="pytest tests"><testsuite name="pytest" errors="0" failures="0" skipped="0" tests="16" time="7.898" timestamp="2026-03-07T10:01:12.688074+00:00" hostname="agent-env-1be0f8ba-7cad-4ddc-9142-fa24db7698bb"><testcase classname="tests.test_pdf_html_comparison.TestPdfHtmlComparison" name="test_backend_pdf_html_structure_total_discount_mode" time="0.481" /><testcase classname="tests.test_pdf_html_comparison.TestPdfHtmlComparison" name="test_backend_pdf_html_structure_item_discount_mode" time="0.001" /><testcase classname="tests.test_pdf_html_comparison.TestPdfHtmlComparison" name="test_compare_backend_frontend_table_headers_total_discount" time="0.000" /><testcase classname="tests.test_pdf_html_comparison.TestPdfHtmlComparison" name="test_compare_backend_frontend_table_headers_item_discount" time="0.000" /><testcase classname="tests.test_pdf_html_comparison.TestPdfHtmlComparison" name="test_use_item_discounts_passed_in_approval_data" time="0.812" /><testcase classname="tests.test_pdf_html_comparison.TestPdfHtmlComparison" name="test_approved_quote_pdf_data_completeness" time="0.576" /><testcase classname="tests.test_pdf_html_comparison.TestRealApprovedQuote" name="test_generate_pdf_for_recent_approved_quote" time="0.551" /><testcase classname="tests.test_email_pdf_match.TestEmailPdfMatch" name="test_health_check" time="0.101" /><testcase classname="tests.test_email_pdf_match.TestEmailPdfMatch" name="test_admin_login" time="0.323" /><testcase classname="tests.test_email_pdf_match.TestEmailPdfMatch" name="test_get_quotes_returns_customer_fields" time="0.559" /><testcase classname="tests.test_email_pdf_match.TestEmailPdfMatch" name="test_get_single_quote_has_customer_fields" time="0.609" /><testcase classname="tests.test_email_pdf_match.TestEmailPdfMatch" name="test_pending_rfq_has_customer_fields" time="0.582" /><testcase classname="tests.test_email_pdf_match.TestGenerateQuoteHtml" name="test_generate_quote_html_contains_customer_code" time="0.000" /><testcase classname="tests.test_email_pdf_match.TestGenerateQuoteHtml" name="test_generate_quote_html_without_customer_details" time="0.000" /><testcase classname="tests.test_email_pdf_match.TestQuoteApprovalWorkflow" name="test_find_pending_rfq_for_approval" time="0.557" /><testcase classname="tests.test_email_pdf_match.TestQuoteApprovalWorkflow" name="test_approve_rfq_workflow" time="2.676" /></testsuite></testsuites>