<?xml version="1.0" encoding="utf-8"?><testsuites name="pytest tests"><testsuite name="pytest" errors="0" failures="0" skipped="0" tests="12" time="11.369" timestamp="2026-03-10T14:13:57.909087+00:00" hostname="agent-env-126c2c4f-3843-4454-93ed-9cfdd6c84b24"><testcase classname="tests.test_approve_rfq_auto_freight.TestApproveRFQAutoFreight" name="test_login_success" time="0.465" /><testcase classname="tests.test_approve_rfq_auto_freight.TestApproveRFQAutoFreight" name="test_get_pending_rfqs" time="1.115" /><testcase classname="tests.test_approve_rfq_auto_freight.TestApproveRFQAutoFreight" name="test_approve_rfq_with_auto_freight" time="3.850" /><testcase classname="tests.test_approve_rfq_auto_freight.TestApproveRFQAutoFreight" name="test_approve_rfq_response_structure" time="2.390" /><testcase classname="tests.test_approve_rfq_auto_freight.TestProductSearch" name="test_search_products_admin" time="0.469" /><testcase classname="tests.test_approve_rfq_auto_freight.TestProductSearch" name="test_search_products_by_code" time="0.144" /><testcase classname="tests.test_approve_rfq_auto_freight.TestProductSearch" name="test_search_products_customer" time="0.508" /><testcase classname="tests.test_approve_rfq_auto_freight.TestProductSearch" name="test_search_empty_query_fails" time="0.155" /><testcase classname="tests.test_approve_rfq_auto_freight.TestProductSearch" name="test_search_requires_auth" time="0.122" /><testcase classname="tests.test_approve_rfq_auto_freight.TestRFQWorkflow" name="test_rfq_list_has_data" time="1.158" /><testcase classname="tests.test_approve_rfq_auto_freight.TestRFQWorkflow" name="test_calculate_freight_endpoint" time="0.120" /><testcase classname="tests.test_approve_rfq_auto_freight.TestRFQWorkflow" name="test_already_approved_rfq_fails" time="0.793" /></testsuite></testsuites>