<?xml version="1.0" encoding="utf-8"?><testsuites name="pytest tests"><testsuite name="pytest" errors="0" failures="0" skipped="1" tests="25" time="5.878" timestamp="2026-04-09T06:19:31.528699+00:00" hostname="agent-env-16e8e272-ca14-4437-93ed-1634dadee1a6"><testcase classname="backend.tests.test_exports_invoices.TestAuthAndSetup" name="test_admin_login" time="0.387" /><testcase classname="backend.tests.test_exports_invoices.TestOrdersExport" name="test_get_orders_list" time="0.434" /><testcase classname="backend.tests.test_exports_invoices.TestOrdersExport" name="test_orders_export_excel" time="0.107" /><testcase classname="backend.tests.test_exports_invoices.TestOrdersExport" name="test_orders_export_pdf_with_token" time="0.120" /><testcase classname="backend.tests.test_exports_invoices.TestOrdersExport" name="test_orders_summary_stats" time="0.110" /><testcase classname="backend.tests.test_exports_invoices.TestCRMExport" name="test_crm_leads_export_excel" time="0.453" /><testcase classname="backend.tests.test_exports_invoices.TestCRMExport" name="test_crm_followups_export_excel" time="0.110" /><testcase classname="backend.tests.test_exports_invoices.TestInvoicesExport" name="test_invoices_export_excel" time="0.434" /><testcase classname="backend.tests.test_exports_invoices.TestInvoicesExport" name="test_invoice_pdf_tax_invoice" time="0.220" /><testcase classname="backend.tests.test_exports_invoices.TestInvoicesExport" name="test_invoice_pdf_proforma_invoice" time="0.110" /><testcase classname="backend.tests.test_exports_invoices.TestInvoicesExport" name="test_invoice_pdf_company_details_verification" time="0.106" /><testcase classname="backend.tests.test_exports_invoices.TestQuotesExport" name="test_quotes_export_excel" time="0.456" /><testcase classname="backend.tests.test_exports_invoices.TestQuotesExport" name="test_quotes_export_pdf" time="0.535" /><testcase classname="backend.tests.test_exports_invoices.TestCustomersExport" name="test_customers_export_excel" time="0.504" /><testcase classname="backend.tests.test_exports_invoices.TestOrderOperations" name="test_convert_quote_to_order" time="0.441"><skipped type="pytest.skip" message="No approved quotes available for conversion">/app/backend/tests/test_exports_invoices.py:427: No approved quotes available for conversion</skipped></testcase><testcase classname="backend.tests.test_exports_invoices.TestOrderOperations" name="test_record_payment_on_order" time="0.217" /><testcase classname="backend.tests.test_exports_invoices.TestOrderOperations" name="test_update_order_stage" time="0.103" /><testcase classname="backend.tests.test_exports_invoices.TestOrderOperations" name="test_generate_proforma_invoice" time="0.000" /><testcase classname="backend.tests.test_exports_invoices.TestOrderOperations" name="test_generate_tax_invoice" time="0.000" /><testcase classname="backend.tests.test_exports_invoices.TestInvoicesList" name="test_get_invoices_list" time="0.449" /><testcase classname="backend.tests.test_exports_invoices.TestInvoicesList" name="test_get_invoices_by_type" time="0.100" /><testcase classname="backend.tests.test_exports_invoices.TestAuthenticationRequired" name="test_orders_export_requires_auth" time="0.106" /><testcase classname="backend.tests.test_exports_invoices.TestAuthenticationRequired" name="test_invoices_export_requires_auth" time="0.105" /><testcase classname="backend.tests.test_exports_invoices.TestAuthenticationRequired" name="test_crm_export_requires_auth" time="0.107" /><testcase classname="backend.tests.test_exports_invoices.TestAuthenticationRequired" name="test_invoice_pdf_requires_token" time="0.100" /></testsuite></testsuites>