<?xml version="1.0" encoding="utf-8"?><testsuites name="pytest tests"><testsuite name="pytest" errors="0" failures="0" skipped="0" tests="11" time="1.609" timestamp="2026-02-23T10:44:17.741395+00:00" hostname="agent-env-96237298-f0f3-417d-83ca-c6eca9e08dc0"><testcase classname="tests.test_drawing_pdf.TestSampleDrawingDownload" name="test_sample_drawing_returns_pdf" time="0.185" /><testcase classname="tests.test_drawing_pdf.TestSampleDrawingDownload" name="test_sample_drawing_has_content_disposition" time="0.170" /><testcase classname="tests.test_drawing_pdf.TestSampleDrawingDownload" name="test_sample_drawing_pdf_readable" time="0.150" /><testcase classname="tests.test_drawing_pdf.TestGenerateDrawingEndpoint" name="test_generate_drawing_requires_auth" time="0.115" /><testcase classname="tests.test_drawing_pdf.TestGenerateDrawingEndpoint" name="test_generate_drawing_returns_pdf" time="0.557" /><testcase classname="tests.test_drawing_pdf.TestGenerateDrawingEndpoint" name="test_generated_pdf_no_bom_table" time="0.058" /><testcase classname="tests.test_drawing_pdf.TestGenerateDrawingEndpoint" name="test_generated_pdf_is_valid_structure" time="0.056" /><testcase classname="tests.test_drawing_pdf.TestGenerateDrawingEndpoint" name="test_generate_impact_roller_drawing" time="0.062" /><testcase classname="tests.test_drawing_pdf.TestGenerateDrawingEndpoint" name="test_generate_drawing_with_custom_shaft" time="0.059" /><testcase classname="tests.test_drawing_pdf.TestDrawingContent" name="test_pdf_does_not_contain_bom_keywords" time="0.061" /><testcase classname="tests.test_drawing_pdf.TestDrawingContent" name="test_pdf_has_fonts_and_content_stream" time="0.059" /></testsuite></testsuites>