<?xml version="1.0" encoding="utf-8"?><testsuites name="pytest tests"><testsuite name="pytest" errors="0" failures="0" skipped="0" tests="9" time="12.921" timestamp="2026-03-09T15:18:16.887700+00:00" hostname="agent-env-4ca89f62-cfe5-4252-a865-d04e6250c4da"><testcase classname="tests.test_packing_type_edit.TestPackingTypeEdit" name="test_api_health" time="0.628" /><testcase classname="tests.test_packing_type_edit.TestPackingTypeEdit" name="test_get_approved_quotes" time="1.075" /><testcase classname="tests.test_packing_type_edit.TestPackingTypeEdit" name="test_get_specific_quote_Q_25_26_0103" time="1.037" /><testcase classname="tests.test_packing_type_edit.TestPackingTypeEdit" name="test_update_packing_type_standard_to_pallet" time="1.873" /><testcase classname="tests.test_packing_type_edit.TestPackingTypeEdit" name="test_update_packing_type_to_wooden_box" time="1.304" /><testcase classname="tests.test_packing_type_edit.TestPackingTypeEdit" name="test_update_packing_type_to_standard" time="1.470" /><testcase classname="tests.test_packing_type_edit.TestPackingTypeEdit" name="test_update_packing_type_custom" time="1.787" /><testcase classname="tests.test_packing_type_edit.TestPackingTypeEdit" name="test_packing_charges_updated_with_total" time="1.318" /><testcase classname="tests.test_packing_type_edit.TestPackingTypeEdit" name="test_full_edit_quote_flow" time="2.204" /></testsuite></testsuites>