<?xml version="1.0" encoding="utf-8"?><testsuites name="pytest tests"><testsuite name="pytest" errors="0" failures="0" skipped="0" tests="9" time="1.934" timestamp="2026-03-07T08:50:57.750170+00:00" hostname="agent-env-1be0f8ba-7cad-4ddc-9142-fa24db7698bb"><testcase classname="backend.tests.test_per_item_discounts.TestPerItemDiscounts" name="test_01_health_check" time="0.440" /><testcase classname="backend.tests.test_per_item_discounts.TestPerItemDiscounts" name="test_02_admin_login" time="0.351" /><testcase classname="backend.tests.test_per_item_discounts.TestPerItemDiscounts" name="test_03_get_pending_quotes_for_editing" time="0.319" /><testcase classname="backend.tests.test_per_item_discounts.TestPerItemDiscounts" name="test_04_quote_has_use_item_discounts_field" time="0.128" /><testcase classname="backend.tests.test_per_item_discounts.TestPerItemDiscounts" name="test_05_update_quote_to_per_item_discount_mode" time="0.164" /><testcase classname="backend.tests.test_per_item_discounts.TestPerItemDiscounts" name="test_06_verify_quote_persisted_with_item_discounts" time="0.121" /><testcase classname="backend.tests.test_per_item_discounts.TestPerItemDiscounts" name="test_07_update_quote_back_to_total_discount_mode" time="0.151" /><testcase classname="backend.tests.test_per_item_discounts.TestPerItemDiscounts" name="test_08_restore_original_quote_state" time="0.142" /><testcase classname="backend.tests.test_per_item_discounts.TestPerItemDiscounts" name="test_09_calculate_totals_correctly_for_per_item_discounts" time="0.001" /></testsuite></testsuites>