<?xml version="1.0" encoding="utf-8"?><testsuites name="pytest tests"><testsuite name="pytest" errors="0" failures="0" skipped="0" tests="14" time="21.469" timestamp="2026-03-01T11:18:07.274479+00:00" hostname="agent-env-1195ada5-1be0-4f15-b1fa-3526e5397b2b"><testcase classname="backend.tests.test_customer_price_hiding_and_rfq_approval.TestAuthAndRoles" name="test_admin_login_returns_admin_role" time="0.520" /><testcase classname="backend.tests.test_customer_price_hiding_and_rfq_approval.TestAuthAndRoles" name="test_customer_login_returns_customer_role" time="0.357" /><testcase classname="backend.tests.test_customer_price_hiding_and_rfq_approval.TestQuotesVisibility" name="test_admin_can_see_all_quotes" time="0.820" /><testcase classname="backend.tests.test_customer_price_hiding_and_rfq_approval.TestQuotesVisibility" name="test_customer_only_sees_own_quotes" time="0.797" /><testcase classname="backend.tests.test_customer_price_hiding_and_rfq_approval.TestQuotesVisibility" name="test_filter_pending_rfqs" time="1.077" /><testcase classname="backend.tests.test_customer_price_hiding_and_rfq_approval.TestQuotesVisibility" name="test_filter_approved_quotes" time="0.810" /><testcase classname="backend.tests.test_customer_price_hiding_and_rfq_approval.TestRFQApprovalWorkflow" name="test_customer_creates_rfq" time="2.699" /><testcase classname="backend.tests.test_customer_price_hiding_and_rfq_approval.TestRFQApprovalWorkflow" name="test_admin_creates_quote" time="0.840" /><testcase classname="backend.tests.test_customer_price_hiding_and_rfq_approval.TestRFQApprovalWorkflow" name="test_admin_can_approve_rfq" time="4.421" /><testcase classname="backend.tests.test_customer_price_hiding_and_rfq_approval.TestRFQApprovalWorkflow" name="test_cannot_approve_already_approved" time="3.653" /><testcase classname="backend.tests.test_customer_price_hiding_and_rfq_approval.TestRFQApprovalWorkflow" name="test_customer_cannot_approve" time="3.127" /><testcase classname="backend.tests.test_customer_price_hiding_and_rfq_approval.TestSearchAPIForPrices" name="test_search_api_returns_results" time="0.767" /><testcase classname="backend.tests.test_customer_price_hiding_and_rfq_approval.TestCalculationAPI" name="test_admin_calculation_returns_prices" time="0.768" /><testcase classname="backend.tests.test_customer_price_hiding_and_rfq_approval.TestCalculationAPI" name="test_customer_calculation_returns_prices" time="0.745" /></testsuite></testsuites>